<?xml version="1.0" encoding="UTF-8"?>
<!-- Generated by org.testng.reporters.JUnitXMLReporter -->
<testsuite ignored="0" hostname="LAPTOP-ACC0GSNC" failures="0" tests="5" name="Default test" time="23.534" errors="0" timestamp="2023-04-20T08:15:21 CDT">
  <testcase classname="com.acti.testcase.LoginPageTest" name="testLoginPageTitle" time="0.02"/>
  <testcase classname="com.acti.testcase.LoginPageTest" name="testActiLogoDisplayed" time="0.043"/>
  <testcase classname="com.acti.testcase.LoginPageTest" name="testActiLinkDisplayed" time="0.034"/>
  <testcase classname="com.acti.testcase.LoginPageTest" name="testLoginFunction" time="2.111"/>
  <testcase classname="com.acti.testcase.LoginPageTest" name="testLoginInvalid" time="2.573"/>
</testsuite> <!-- Default test -->
