<?xml version="1.0" encoding="UTF-8"?>
<!-- Generated by org.testng.reporters.JUnitXMLReporter -->
<testsuite ignored="1" hostname="LAPTOP-ACC0GSNC" failures="0" tests="5" name="Test" time="24.109" errors="0" timestamp="2023-04-20T08:19:39 CDT">
  <testcase classname="com.acti.testcase.LoginPageTest" name="testLoginPageTitle" time="0.021"/>
  <testcase classname="com.acti.testcase.LoginPageTest" name="testActiLogoDisplayed" time="0.04"/>
  <testcase classname="com.acti.testcase.LoginPageTest" name="testActiLinkDisplayed" time="0.033"/>
  <testcase classname="com.acti.testcase.LoginPageTest" name="testLoginFunction" time="2.101"/>
  <testcase classname="com.acti.testcase.LoginPageTest" name="testLoginInvalid" time="2.207"/>
  <testcase classname="com.acti.testcase.BaseTest" name="@BeforeSuite setUpReport" time="0.0">
    <ignored/>
  </testcase> <!-- @BeforeSuite setUpReport -->
</testsuite> <!-- Test -->
