<?xml version="1.0" encoding="UTF-8"?>
<testng-results ignored="1" total="6" passed="5" failed="0" skipped="0">
  <reporter-output>
  </reporter-output>
  <suite started-at="2023-04-20T08:19:15 CDT" name="Suite" finished-at="2023-04-20T08:19:39 CDT" duration-ms="24109">
    <groups>
    </groups>
    <test started-at="2023-04-20T08:19:15 CDT" name="Test" finished-at="2023-04-20T08:19:39 CDT" duration-ms="24109">
      <class name="com.acti.testcase.LoginPageTest">
        <test-method is-config="true" signature="preTest()[pri:0, instance:com.acti.testcase.LoginPageTest@19e4653c]" started-at="2023-04-20T08:19:15 CDT" name="preTest" finished-at="2023-04-20T08:19:20 CDT" duration-ms="4953" status="PASS">
          <reporter-output>
          </reporter-output>
        </test-method> <!-- preTest -->
        <test-method signature="testLoginPageTitle()[pri:1, instance:com.acti.testcase.LoginPageTest@19e4653c]" started-at="2023-04-20T08:19:20 CDT" name="testLoginPageTitle" finished-at="2023-04-20T08:19:20 CDT" duration-ms="21" status="PASS">
          <reporter-output>
          </reporter-output>
        </test-method> <!-- testLoginPageTitle -->
        <test-method is-config="true" signature="tearDown(org.testng.ITestResult)[pri:0, instance:com.acti.testcase.LoginPageTest@19e4653c]" started-at="2023-04-20T08:19:20 CDT" name="tearDown" finished-at="2023-04-20T08:19:20 CDT" duration-ms="350" status="PASS">
          <params>
            <param index="0">
              <value>
                <![CDATA[[TestResult name=testLoginPageTitle status=SUCCESS method=LoginPageTest.testLoginPageTitle()[pri:1, instance:com.acti.testcase.LoginPageTest@19e4653c] output={null}]]]>
              </value>
            </param>
          </params>
          <reporter-output>
          </reporter-output>
        </test-method> <!-- tearDown -->
        <test-method is-config="true" signature="preTest()[pri:0, instance:com.acti.testcase.LoginPageTest@19e4653c]" started-at="2023-04-20T08:19:20 CDT" name="preTest" finished-at="2023-04-20T08:19:24 CDT" duration-ms="3178" status="PASS">
          <reporter-output>
          </reporter-output>
        </test-method> <!-- preTest -->
        <test-method signature="testActiLogoDisplayed()[pri:2, instance:com.acti.testcase.LoginPageTest@19e4653c]" started-at="2023-04-20T08:19:24 CDT" name="testActiLogoDisplayed" finished-at="2023-04-20T08:19:24 CDT" duration-ms="40" status="PASS">
          <reporter-output>
          </reporter-output>
        </test-method> <!-- testActiLogoDisplayed -->
        <test-method is-config="true" signature="tearDown(org.testng.ITestResult)[pri:0, instance:com.acti.testcase.LoginPageTest@19e4653c]" started-at="2023-04-20T08:19:24 CDT" name="tearDown" finished-at="2023-04-20T08:19:24 CDT" duration-ms="148" status="PASS">
          <params>
            <param index="0">
              <value>
                <![CDATA[[TestResult name=testActiLogoDisplayed status=SUCCESS method=LoginPageTest.testActiLogoDisplayed()[pri:2, instance:com.acti.testcase.LoginPageTest@19e4653c] output={null}]]]>
              </value>
            </param>
          </params>
          <reporter-output>
          </reporter-output>
        </test-method> <!-- tearDown -->
        <test-method is-config="true" signature="preTest()[pri:0, instance:com.acti.testcase.LoginPageTest@19e4653c]" started-at="2023-04-20T08:19:24 CDT" name="preTest" finished-at="2023-04-20T08:19:27 CDT" duration-ms="3506" status="PASS">
          <reporter-output>
          </reporter-output>
        </test-method> <!-- preTest -->
        <test-method signature="testActiLinkDisplayed()[pri:3, instance:com.acti.testcase.LoginPageTest@19e4653c]" started-at="2023-04-20T08:19:27 CDT" name="testActiLinkDisplayed" finished-at="2023-04-20T08:19:27 CDT" duration-ms="33" status="PASS">
          <reporter-output>
          </reporter-output>
        </test-method> <!-- testActiLinkDisplayed -->
        <test-method is-config="true" signature="tearDown(org.testng.ITestResult)[pri:0, instance:com.acti.testcase.LoginPageTest@19e4653c]" started-at="2023-04-20T08:19:27 CDT" name="tearDown" finished-at="2023-04-20T08:19:27 CDT" duration-ms="139" status="PASS">
          <params>
            <param index="0">
              <value>
                <![CDATA[[TestResult name=testActiLinkDisplayed status=SUCCESS method=LoginPageTest.testActiLinkDisplayed()[pri:3, instance:com.acti.testcase.LoginPageTest@19e4653c] output={null}]]]>
              </value>
            </param>
          </params>
          <reporter-output>
          </reporter-output>
        </test-method> <!-- tearDown -->
        <test-method is-config="true" signature="preTest()[pri:0, instance:com.acti.testcase.LoginPageTest@19e4653c]" started-at="2023-04-20T08:19:27 CDT" name="preTest" finished-at="2023-04-20T08:19:31 CDT" duration-ms="3447" status="PASS">
          <reporter-output>
          </reporter-output>
        </test-method> <!-- preTest -->
        <test-method signature="testLoginFunction()[pri:4, instance:com.acti.testcase.LoginPageTest@19e4653c]" started-at="2023-04-20T08:19:31 CDT" name="testLoginFunction" finished-at="2023-04-20T08:19:33 CDT" duration-ms="2101" status="PASS">
          <reporter-output>
          </reporter-output>
        </test-method> <!-- testLoginFunction -->
        <test-method is-config="true" signature="tearDown(org.testng.ITestResult)[pri:0, instance:com.acti.testcase.LoginPageTest@19e4653c]" started-at="2023-04-20T08:19:33 CDT" name="tearDown" finished-at="2023-04-20T08:19:33 CDT" duration-ms="143" status="PASS">
          <params>
            <param index="0">
              <value>
                <![CDATA[[TestResult name=testLoginFunction status=SUCCESS method=LoginPageTest.testLoginFunction()[pri:4, instance:com.acti.testcase.LoginPageTest@19e4653c] output={null}]]]>
              </value>
            </param>
          </params>
          <reporter-output>
          </reporter-output>
        </test-method> <!-- tearDown -->
        <test-method is-config="true" signature="preTest()[pri:0, instance:com.acti.testcase.LoginPageTest@19e4653c]" started-at="2023-04-20T08:19:34 CDT" name="preTest" finished-at="2023-04-20T08:19:37 CDT" duration-ms="3135" status="PASS">
          <reporter-output>
          </reporter-output>
        </test-method> <!-- preTest -->
        <test-method signature="testLoginInvalid(java.lang.String,java.lang.String)[pri:5, instance:com.acti.testcase.LoginPageTest@19e4653c]" started-at="2023-04-20T08:19:37 CDT" name="testLoginInvalid" data-provider="actidata" finished-at="2023-04-20T08:19:39 CDT" duration-ms="2207" status="PASS">
          <params>
            <param index="0">
              <value>
                <![CDATA[admin]]>
              </value>
            </param>
            <param index="1">
              <value>
                <![CDATA[manager]]>
              </value>
            </param>
          </params>
          <reporter-output>
          </reporter-output>
        </test-method> <!-- testLoginInvalid -->
        <test-method is-config="true" signature="tearDown(org.testng.ITestResult)[pri:0, instance:com.acti.testcase.LoginPageTest@19e4653c]" started-at="2023-04-20T08:19:39 CDT" name="tearDown" finished-at="2023-04-20T08:19:39 CDT" duration-ms="146" status="PASS">
          <params>
            <param index="0">
              <value>
                <![CDATA[[TestResult name=testLoginInvalid status=SUCCESS method=LoginPageTest.testLoginInvalid(java.lang.String,java.lang.String)[pri:5, instance:com.acti.testcase.LoginPageTest@19e4653c] output={null}]]]>
              </value>
            </param>
          </params>
          <reporter-output>
          </reporter-output>
        </test-method> <!-- tearDown -->
      </class> <!-- com.acti.testcase.LoginPageTest -->
      <class name="com.acti.testcase.BaseTest">
        <test-method is-config="true" signature="setUpReport()[pri:0, instance:com.acti.testcase.BaseTest@76b1e9b8]" started-at="2023-04-20T08:19:15 CDT" name="setUpReport" finished-at="2023-04-20T08:19:15 CDT" duration-ms="159" status="PASS">
          <reporter-output>
          </reporter-output>
        </test-method> <!-- setUpReport -->
      </class> <!-- com.acti.testcase.BaseTest -->
    </test> <!-- Test -->
  </suite> <!-- Suite -->
</testng-results>
